<?xml version="1.0" encoding="UTF-8"?>
<!-- Generated by org.testng.reporters.JUnitReportReporter -->
<testsuite hostname="user12" failures="0" tests="1" name="TestScripts.RelativeLocatorTest" time="6.632" errors="0" timestamp="2024-10-30T13:30:05 IST" skipped="0">
  <testcase classname="TestScripts.RelativeLocatorTest" name="searchJavaTest" time="6.632"/>
  <system-out/>
</testsuite> <!-- TestScripts.RelativeLocatorTest -->
