<?xml version="1.0" encoding="UTF-8"?>
<!-- Generated by org.testng.reporters.JUnitReportReporter -->
<testsuite hostname="user12" failures="0" tests="1" name="TestScripts.DropdownIteration" time="4.682" errors="0" timestamp="2024-11-05T10:12:50 IST" skipped="0">
  <testcase classname="TestScripts.DropdownIteration" name="searchJavaTest" time="4.682"/>
  <system-out/>
</testsuite> <!-- TestScripts.DropdownIteration -->
