<?xml version="1.0" encoding="UTF-8"?>
<!-- Generated by org.testng.reporters.JUnitReportReporter -->
<testsuite hostname="user12" failures="0" tests="2" name="TestScripts.ExtentReportTest" time="10.674" errors="0" timestamp="2024-11-12T11:02:12 IST" skipped="0">
  <testcase classname="TestScripts.ExtentReportTest" name="searchSeleniumTest" time="5.365"/>
  <system-out/>
  <testcase classname="TestScripts.ExtentReportTest" name="searchJavaTest" time="5.309"/>
  <system-out/>
</testsuite> <!-- TestScripts.ExtentReportTest -->
