<?xml version="1.0" encoding="UTF-8"?>
<!-- Generated by org.testng.reporters.JUnitReportReporter -->
<testsuite hostname="user12" failures="0" tests="1" name="TestScripts.ExplicitWaitTest2" time="14.378" errors="0" timestamp="2024-11-06T12:55:05 IST" skipped="0">
  <testcase classname="TestScripts.ExplicitWaitTest2" name="Explicit2" time="14.378"/>
  <system-out/>
</testsuite> <!-- TestScripts.ExplicitWaitTest2 -->
