<?xml version="1.0" encoding="UTF-8"?>
<!-- Generated by org.testng.reporters.JUnitReportReporter -->
<testsuite hostname="user12" failures="0" tests="1" name="TestScripts.RemoteWebDriverTest" time="7.164" errors="0" timestamp="2024-11-12T11:03:02 IST" skipped="0">
  <testcase classname="TestScripts.RemoteWebDriverTest" name="searchJavaTest" time="7.164"/>
  <system-out/>
</testsuite> <!-- TestScripts.RemoteWebDriverTest -->
