<?xml version="1.0" encoding="UTF-8"?>
<!-- Generated by org.testng.reporters.JUnitReportReporter -->
<testsuite hostname="user12" failures="0" tests="1" name="TestScripts.RadioCheckboxTest" time="18.926" errors="0" timestamp="2024-11-04T11:00:04 IST" skipped="0">
  <testcase classname="TestScripts.RadioCheckboxTest" name="searchJavaTest" time="18.926"/>
  <system-out/>
</testsuite> <!-- TestScripts.RadioCheckboxTest -->
