<?xml version="1.0" encoding="UTF-8"?>
<!-- Generated by org.testng.reporters.JUnitReportReporter -->
<testsuite hostname="user12" failures="0" tests="1" name="TestScripts.FileDownloadTest" time="13.725" errors="0" timestamp="2024-11-05T10:51:13 IST" skipped="0">
  <testcase classname="TestScripts.FileDownloadTest" name="FileDownload" time="13.725"/>
  <system-out/>
</testsuite> <!-- TestScripts.FileDownloadTest -->
