<?xml version="1.0" encoding="UTF-8"?>
<!-- Generated by org.testng.reporters.JUnitReportReporter -->
<testsuite hostname="user12" failures="0" tests="4" name="TestScript2.Sample1" time="0.049" errors="0" timestamp="2024-11-08T12:14:10 IST" skipped="0">
  <testcase classname="TestScript2.Sample1" name="testTwo" time="0.008"/>
  <system-out/>
  <testcase classname="TestScript2.Sample1" name="testOne" time="0.018"/>
  <system-out/>
  <testcase classname="TestScript2.Sample1" name="testThree" time="0.006"/>
  <system-out/>
  <testcase classname="TestScript2.Sample1" name="testFoue" time="0.017"/>
  <system-out/>
</testsuite> <!-- TestScript2.Sample1 -->
