<?xml version="1.0" encoding="UTF-8"?>
<!-- Generated by org.testng.reporters.JUnitReportReporter -->
<testsuite hostname="user12" failures="0" tests="1" name="TestScripts.MouseActionTest" time="13.074" errors="0" timestamp="2024-11-05T09:59:07 IST" skipped="0">
  <testcase classname="TestScripts.MouseActionTest" name="searchJavaTest" time="13.074"/>
  <system-out/>
</testsuite> <!-- TestScripts.MouseActionTest -->
