<?xml version="1.0" encoding="UTF-8"?>
<!-- Generated by org.testng.reporters.JUnitReportReporter -->
<testsuite hostname="user12" failures="0" tests="1" name="TestScripts.CDPTest" time="29.563" errors="0" timestamp="2024-11-12T12:17:40 IST" skipped="0">
  <testcase classname="TestScripts.CDPTest" name="ToolTipHandle" time="29.563"/>
  <system-out/>
</testsuite> <!-- TestScripts.CDPTest -->
