<?xml version="1.0" encoding="UTF-8"?>
<!-- Generated by org.testng.reporters.JUnitReportReporter -->
<testsuite hostname="user12" failures="0" tests="1" name="TestScripts.WebTableTest" time="9.299" errors="0" timestamp="2024-10-30T10:35:47 IST" skipped="0">
  <testcase classname="TestScripts.WebTableTest" name="verifyBookDetails" time="9.299"/>
  <system-out/>
</testsuite> <!-- TestScripts.WebTableTest -->
