<?xml version="1.0" encoding="UTF-8"?>
<!-- Generated by org.testng.reporters.JUnitReportReporter -->
<testsuite hostname="user12" failures="0" tests="1" name="TestScripts.AutocompleteTest" time="24.948" errors="0" timestamp="2024-11-06T12:21:30 IST" skipped="0">
  <testcase classname="TestScripts.AutocompleteTest" name="AutoComplete" time="24.948"/>
  <system-out/>
</testsuite> <!-- TestScripts.AutocompleteTest -->
