<?xml version="1.0" encoding="UTF-8"?>
<!-- Generated by org.testng.reporters.JUnitReportReporter -->
<testsuite hostname="user12" failures="0" tests="1" name="TestScripts.WindowsHandleTest" time="7.807" errors="0" timestamp="2024-11-06T10:12:46 IST" skipped="0">
  <testcase classname="TestScripts.WindowsHandleTest" name="WindowHandle" time="7.807"/>
  <system-out/>
</testsuite> <!-- TestScripts.WindowsHandleTest -->
