<?xml version="1.0" encoding="UTF-8"?>
<!-- Generated by org.testng.reporters.JUnitReportReporter -->
<testsuite hostname="user12" failures="0" tests="1" name="TestScripts.DropdownTest" time="16.892" errors="0" timestamp="2024-11-04T11:37:43 IST" skipped="0">
  <testcase classname="TestScripts.DropdownTest" name="searchJavaTest" time="16.892"/>
  <system-out/>
</testsuite> <!-- TestScripts.DropdownTest -->
