<?xml version="1.0" encoding="UTF-8"?>
<!-- Generated by org.testng.reporters.JUnitReportReporter -->
<testsuite hostname="user12" failures="0" tests="2" name="TestScript2.Sample1" time="0.019" errors="0" timestamp="2024-11-07T13:20:59 IST" skipped="0">
  <testcase classname="TestScript2.Sample1" name="testThree" time="0.005"/>
  <system-out/>
  <testcase classname="TestScript2.Sample1" name="testOne" time="0.014"/>
  <system-out/>
</testsuite> <!-- TestScript2.Sample1 -->
