<?xml version="1.0" encoding="UTF-8"?>
<!-- Generated by org.testng.reporters.JUnitReportReporter -->
<testsuite hostname="user12" failures="0" tests="1" name="TestScripts.GooglePageTest" time="8.309" errors="0" timestamp="2024-10-29T11:15:41 IST" skipped="0">
  <testcase classname="TestScripts.GooglePageTest" name="searchJavaTest" time="8.309"/>
  <system-out/>
</testsuite> <!-- TestScripts.GooglePageTest -->
