<?xml version="1.0" encoding="UTF-8"?>
<!-- Generated by org.testng.reporters.JUnitReportReporter -->
<testsuite hostname="user12" failures="0" tests="1" name="TestScripts.LocatorTest" time="16.699" errors="0" timestamp="2024-11-08T09:56:47 IST" skipped="0">
  <testcase classname="TestScripts.LocatorTest" name="LoginTest" time="16.699"/>
  <system-out/>
</testsuite> <!-- TestScripts.LocatorTest -->
