<?xml version="1.0" encoding="UTF-8"?>
<!-- Generated by org.testng.reporters.JUnitReportReporter -->
<testsuite hostname="user12" failures="0" tests="1" name="TestScripts.ShadowDomTest" time="4.504" errors="0" timestamp="2024-11-05T12:27:27 IST" skipped="0">
  <testcase classname="TestScripts.ShadowDomTest" name="ShadowDom" time="4.504"/>
  <system-out/>
</testsuite> <!-- TestScripts.ShadowDomTest -->
