<?xml version="1.0" encoding="UTF-8"?>
<!-- Generated by org.testng.reporters.JUnitReportReporter -->
<testsuite hostname="user12" failures="0" tests="1" name="TestScripts.ExplicitWaitTest" time="20.486" errors="0" timestamp="2024-11-06T12:38:20 IST" skipped="0">
  <testcase classname="TestScripts.ExplicitWaitTest" name="AlertHandle" time="20.486"/>
  <system-out/>
</testsuite> <!-- TestScripts.ExplicitWaitTest -->
