<?xml version="1.0" encoding="UTF-8"?>
<!-- Generated by org.testng.reporters.JUnitReportReporter -->
<testsuite hostname="user12" failures="0" tests="1" name="TestScripts.IframeTest" time="29.386" errors="0" timestamp="2024-11-06T11:09:07 IST" skipped="0">
  <testcase classname="TestScripts.IframeTest" name="FrameHandle" time="29.386"/>
  <system-out/>
</testsuite> <!-- TestScripts.IframeTest -->
