<?xml version="1.0" encoding="UTF-8"?>
<!-- Generated by org.testng.reporters.JUnitReportReporter -->
<testsuite hostname="user12" failures="0" tests="1" name="TestScripts.DoubleClick" time="12.640" errors="0" timestamp="2024-11-04T13:04:09 IST" skipped="0">
  <testcase classname="TestScripts.DoubleClick" name="searchJavaTest" time="12.640"/>
  <system-out/>
</testsuite> <!-- TestScripts.DoubleClick -->
