<?xml version="1.0" encoding="UTF-8"?>
<!-- Generated by org.testng.reporters.JUnitReportReporter -->
<testsuite hostname="user12" failures="0" tests="1" name="TestScripts.AlertTest" time="25.845" errors="0" timestamp="2024-11-05T13:01:01 IST" skipped="0">
  <testcase classname="TestScripts.AlertTest" name="AlertHandle" time="25.845"/>
  <system-out/>
</testsuite> <!-- TestScripts.AlertTest -->
