<?xml version="1.0" encoding="UTF-8"?>
<!-- Generated by org.testng.reporters.JUnitReportReporter -->
<testsuite hostname="user12" failures="0" tests="1" name="TestScripts.ErrorMsgValidation" time="7.193" errors="0" timestamp="2024-10-29T12:48:22 IST" skipped="0">
  <testcase classname="TestScripts.ErrorMsgValidation" name="errorMsg" time="7.193"/>
  <system-out/>
</testsuite> <!-- TestScripts.ErrorMsgValidation -->
