<?xml version="1.0" encoding="UTF-8"?>
<!-- Generated by org.testng.reporters.JUnitReportReporter -->
<testsuite hostname="user12" failures="0" tests="2" name="TestScripts.GooglePageSearchTest" time="4.631" errors="0" timestamp="2024-11-07T12:18:08 IST" skipped="0">
  <testcase classname="TestScripts.GooglePageSearchTest" name="searchSeleniumTest" time="1.808"/>
  <system-out/>
  <testcase classname="TestScripts.GooglePageSearchTest" name="searchJavaTest" time="2.823"/>
  <system-out/>
</testsuite> <!-- TestScripts.GooglePageSearchTest -->
