<?xml version="1.0" encoding="UTF-8"?>
<!-- Generated by org.testng.reporters.JUnitReportReporter -->
<testsuite hostname="user12" failures="0" tests="1" name="TestScripts.LocatorTest" time="10.068" errors="0" timestamp="2024-11-07T12:18:08 IST" skipped="0">
  <testcase classname="TestScripts.LocatorTest" name="LoginTest" time="10.068"/>
  <system-out/>
</testsuite> <!-- TestScripts.LocatorTest -->
