<?xml version="1.0" encoding="UTF-8"?>
<!-- Generated by org.testng.reporters.JUnitReportReporter -->
<testsuite hostname="user12" failures="0" tests="1" name="TestScript2.Sample3" time="0.002" errors="0" timestamp="2024-11-07T13:20:59 IST" skipped="0">
  <testcase classname="TestScript2.Sample3" name="testTwo" time="0.002"/>
  <system-out/>
</testsuite> <!-- TestScript2.Sample3 -->
