<?xml version="1.0" encoding="UTF-8"?>
<!-- Generated by org.testng.reporters.JUnitReportReporter -->
<testsuite hostname="user12" failures="0" tests="1" name="TestScripts.FileUploadTest" time="10.193" errors="0" timestamp="2024-11-05T10:42:44 IST" skipped="0">
  <testcase classname="TestScripts.FileUploadTest" name="FileUpload" time="10.193"/>
  <system-out/>
</testsuite> <!-- TestScripts.FileUploadTest -->
